03-Apr-2023 12:45:53.053 INFO [main] org.apache.catalina.startup.VersionLoggerListener.log Nombre de la versión del servidor: Apache Tomcat/10.1.7
03-Apr-2023 12:45:53.056 INFO [main] org.apache.catalina.startup.VersionLoggerListener.log Server built:                      Feb 27 2023 20:25:27 UTC
03-Apr-2023 12:45:53.056 INFO [main] org.apache.catalina.startup.VersionLoggerListener.log Número de versión de servidor:     10.1.7.0
03-Apr-2023 12:45:53.057 INFO [main] org.apache.catalina.startup.VersionLoggerListener.log OS Name:                           Windows 10
03-Apr-2023 12:45:53.057 INFO [main] org.apache.catalina.startup.VersionLoggerListener.log Versión de Systema Operativo:      10.0
03-Apr-2023 12:45:53.057 INFO [main] org.apache.catalina.startup.VersionLoggerListener.log Arquitectura:                      amd64
03-Apr-2023 12:45:53.057 INFO [main] org.apache.catalina.startup.VersionLoggerListener.log Java Home:                         C:\Program Files\Java\jdk-19
03-Apr-2023 12:45:53.057 INFO [main] org.apache.catalina.startup.VersionLoggerListener.log JVM Version:                       19.0.1+10-21
03-Apr-2023 12:45:53.057 INFO [main] org.apache.catalina.startup.VersionLoggerListener.log Vededor JVM:                       Oracle Corporation
03-Apr-2023 12:45:53.057 INFO [main] org.apache.catalina.startup.VersionLoggerListener.log CATALINA_BASE:                     C:\Users\newJo\Desktop\Practica Web\server
03-Apr-2023 12:45:53.057 INFO [main] org.apache.catalina.startup.VersionLoggerListener.log CATALINA_HOME:                     C:\Users\newJo\Desktop\Practica Web\server
03-Apr-2023 12:45:53.067 INFO [main] org.apache.catalina.startup.VersionLoggerListener.log Command line argument:             -Djava.util.logging.config.file=C:\Users\newJo\Desktop\Practica Web\server\conf\logging.properties
03-Apr-2023 12:45:53.067 INFO [main] org.apache.catalina.startup.VersionLoggerListener.log Command line argument:             -Djava.util.logging.manager=org.apache.juli.ClassLoaderLogManager
03-Apr-2023 12:45:53.067 INFO [main] org.apache.catalina.startup.VersionLoggerListener.log Command line argument:             -Djdk.tls.ephemeralDHKeySize=2048
03-Apr-2023 12:45:53.068 INFO [main] org.apache.catalina.startup.VersionLoggerListener.log Command line argument:             -Djava.protocol.handler.pkgs=org.apache.catalina.webresources
03-Apr-2023 12:45:53.068 INFO [main] org.apache.catalina.startup.VersionLoggerListener.log Command line argument:             --add-opens=java.base/java.lang=ALL-UNNAMED
03-Apr-2023 12:45:53.068 INFO [main] org.apache.catalina.startup.VersionLoggerListener.log Command line argument:             --add-opens=java.base/java.io=ALL-UNNAMED
03-Apr-2023 12:45:53.069 INFO [main] org.apache.catalina.startup.VersionLoggerListener.log Command line argument:             --add-opens=java.base/java.util=ALL-UNNAMED
03-Apr-2023 12:45:53.069 INFO [main] org.apache.catalina.startup.VersionLoggerListener.log Command line argument:             --add-opens=java.base/java.util.concurrent=ALL-UNNAMED
03-Apr-2023 12:45:53.069 INFO [main] org.apache.catalina.startup.VersionLoggerListener.log Command line argument:             --add-opens=java.rmi/sun.rmi.transport=ALL-UNNAMED
03-Apr-2023 12:45:53.069 INFO [main] org.apache.catalina.startup.VersionLoggerListener.log Command line argument:             -Dcatalina.base=C:\Users\newJo\Desktop\Practica Web\server
03-Apr-2023 12:45:53.070 INFO [main] org.apache.catalina.startup.VersionLoggerListener.log Command line argument:             -Dcatalina.home=C:\Users\newJo\Desktop\Practica Web\server
03-Apr-2023 12:45:53.070 INFO [main] org.apache.catalina.startup.VersionLoggerListener.log Command line argument:             -Djava.io.tmpdir=C:\Users\newJo\Desktop\Practica Web\server\temp
03-Apr-2023 12:45:53.073 INFO [main] org.apache.catalina.core.AprLifecycleListener.lifecycleEvent Cargada la biblioteca nativa APR de Apache Tomcat [2.0.3] con la versión APR [1.7.2].
03-Apr-2023 12:45:53.079 INFO [main] org.apache.catalina.core.AprLifecycleListener.initializeSSL OpenSSL inicializado correctamente [OpenSSL 3.0.8 7 Feb 2023]
03-Apr-2023 12:45:53.304 INFO [main] org.apache.coyote.AbstractProtocol.init Inicializando el manejador de protocolo ["http-nio-8080"]

03-Apr-2023 12:45:53.323 INFO [main] org.apache.catalina.startup.Catalina.load Server initialization in [424] milliseconds
03-Apr-2023 12:45:53.364 INFO [main] org.apache.catalina.core.StandardService.startInternal Arrancando servicio [Catalina]
03-Apr-2023 12:45:53.365 INFO [main] org.apache.catalina.core.StandardEngine.startInternal Starting Servlet engine: [Apache Tomcat/10.1.7]
03-Apr-2023 12:45:53.377 INFO [main] org.apache.catalina.startup.HostConfig.deployDirectory Desplegando el directorio [C:\Users\newJo\Desktop\Practica Web\server\webapps\docs] de la aplicación web
03-Apr-2023 12:45:53.652 INFO [main] org.apache.catalina.startup.HostConfig.deployDirectory Deployment of web application directory [C:\Users\newJo\Desktop\Practica Web\server\webapps\docs] has finished in [273] ms
03-Apr-2023 12:45:53.652 INFO [main] org.apache.catalina.startup.HostConfig.deployDirectory Desplegando el directorio [C:\Users\newJo\Desktop\Practica Web\server\webapps\examples] de la aplicación web
03-Apr-2023 12:45:54.054 INFO [main] org.apache.catalina.startup.HostConfig.deployDirectory Deployment of web application directory [C:\Users\newJo\Desktop\Practica Web\server\webapps\examples] has finished in [401] ms
03-Apr-2023 12:45:54.054 INFO [main] org.apache.catalina.startup.HostConfig.deployDirectory Desplegando el directorio [C:\Users\newJo\Desktop\Practica Web\server\webapps\host-manager] de la aplicación web
03-Apr-2023 12:45:54.098 INFO [main] org.apache.catalina.startup.HostConfig.deployDirectory Deployment of web application directory [C:\Users\newJo\Desktop\Practica Web\server\webapps\host-manager] has finished in [44] ms
03-Apr-2023 12:45:54.099 INFO [main] org.apache.catalina.startup.HostConfig.deployDirectory Desplegando el directorio [C:\Users\newJo\Desktop\Practica Web\server\webapps\manager] de la aplicación web
03-Apr-2023 12:45:54.141 INFO [main] org.apache.catalina.startup.HostConfig.deployDirectory Deployment of web application directory [C:\Users\newJo\Desktop\Practica Web\server\webapps\manager] has finished in [42] ms
03-Apr-2023 12:45:54.142 INFO [main] org.apache.catalina.startup.HostConfig.deployDirectory Desplegando el directorio [C:\Users\newJo\Desktop\Practica Web\server\webapps\ROOT] de la aplicación web
03-Apr-2023 12:45:54.171 INFO [main] org.apache.catalina.startup.HostConfig.deployDirectory Deployment of web application directory [C:\Users\newJo\Desktop\Practica Web\server\webapps\ROOT] has finished in [29] ms
03-Apr-2023 12:45:54.174 INFO [main] org.apache.coyote.AbstractProtocol.start Starting ProtocolHandler ["http-nio-8080"]
03-Apr-2023 12:45:54.216 INFO [main] org.apache.catalina.startup.Catalina.start Server startup in [891] milliseconds
03-Apr-2023 12:47:11.497 INFO [main] org.apache.catalina.startup.VersionLoggerListener.log Nombre de la versión del servidor: Apache Tomcat/10.1.7
03-Apr-2023 12:47:11.501 INFO [main] org.apache.catalina.startup.VersionLoggerListener.log Server built:                      Feb 27 2023 20:25:27 UTC
03-Apr-2023 12:47:11.501 INFO [main] org.apache.catalina.startup.VersionLoggerListener.log Número de versión de servidor:     10.1.7.0
03-Apr-2023 12:47:11.501 INFO [main] org.apache.catalina.startup.VersionLoggerListener.log OS Name:                           Windows 10
03-Apr-2023 12:47:11.501 INFO [main] org.apache.catalina.startup.VersionLoggerListener.log Versión de Systema Operativo:      10.0
03-Apr-2023 12:47:11.502 INFO [main] org.apache.catalina.startup.VersionLoggerListener.log Arquitectura:                      amd64
03-Apr-2023 12:47:11.502 INFO [main] org.apache.catalina.startup.VersionLoggerListener.log Java Home:                         C:\Program Files\Java\jdk-19
03-Apr-2023 12:47:11.502 INFO [main] org.apache.catalina.startup.VersionLoggerListener.log JVM Version:                       19.0.1+10-21
03-Apr-2023 12:47:11.502 INFO [main] org.apache.catalina.startup.VersionLoggerListener.log Vededor JVM:                       Oracle Corporation
03-Apr-2023 12:47:11.502 INFO [main] org.apache.catalina.startup.VersionLoggerListener.log CATALINA_BASE:                     C:\Users\newJo\Desktop\Practica Web\server
03-Apr-2023 12:47:11.502 INFO [main] org.apache.catalina.startup.VersionLoggerListener.log CATALINA_HOME:                     C:\Users\newJo\Desktop\Practica Web\server
03-Apr-2023 12:47:11.512 INFO [main] org.apache.catalina.startup.VersionLoggerListener.log Command line argument:             -Djava.util.logging.config.file=C:\Users\newJo\Desktop\Practica Web\server\conf\logging.properties
03-Apr-2023 12:47:11.512 INFO [main] org.apache.catalina.startup.VersionLoggerListener.log Command line argument:             -Djava.util.logging.manager=org.apache.juli.ClassLoaderLogManager
03-Apr-2023 12:47:11.512 INFO [main] org.apache.catalina.startup.VersionLoggerListener.log Command line argument:             -Djdk.tls.ephemeralDHKeySize=2048
03-Apr-2023 12:47:11.512 INFO [main] org.apache.catalina.startup.VersionLoggerListener.log Command line argument:             -Djava.protocol.handler.pkgs=org.apache.catalina.webresources
03-Apr-2023 12:47:11.512 INFO [main] org.apache.catalina.startup.VersionLoggerListener.log Command line argument:             --add-opens=java.base/java.lang=ALL-UNNAMED
03-Apr-2023 12:47:11.513 INFO [main] org.apache.catalina.startup.VersionLoggerListener.log Command line argument:             --add-opens=java.base/java.io=ALL-UNNAMED
03-Apr-2023 12:47:11.513 INFO [main] org.apache.catalina.startup.VersionLoggerListener.log Command line argument:             --add-opens=java.base/java.util=ALL-UNNAMED
03-Apr-2023 12:47:11.514 INFO [main] org.apache.catalina.startup.VersionLoggerListener.log Command line argument:             --add-opens=java.base/java.util.concurrent=ALL-UNNAMED
03-Apr-2023 12:47:11.514 INFO [main] org.apache.catalina.startup.VersionLoggerListener.log Command line argument:             --add-opens=java.rmi/sun.rmi.transport=ALL-UNNAMED
03-Apr-2023 12:47:11.514 INFO [main] org.apache.catalina.startup.VersionLoggerListener.log Command line argument:             -Dcatalina.base=C:\Users\newJo\Desktop\Practica Web\server
03-Apr-2023 12:47:11.515 INFO [main] org.apache.catalina.startup.VersionLoggerListener.log Command line argument:             -Dcatalina.home=C:\Users\newJo\Desktop\Practica Web\server
03-Apr-2023 12:47:11.515 INFO [main] org.apache.catalina.startup.VersionLoggerListener.log Command line argument:             -Djava.io.tmpdir=C:\Users\newJo\Desktop\Practica Web\server\temp
03-Apr-2023 12:47:11.517 INFO [main] org.apache.catalina.core.AprLifecycleListener.lifecycleEvent Cargada la biblioteca nativa APR de Apache Tomcat [2.0.3] con la versión APR [1.7.2].
03-Apr-2023 12:47:11.523 INFO [main] org.apache.catalina.core.AprLifecycleListener.initializeSSL OpenSSL inicializado correctamente [OpenSSL 3.0.8 7 Feb 2023]
03-Apr-2023 12:47:11.749 INFO [main] org.apache.coyote.AbstractProtocol.init Inicializando el manejador de protocolo ["http-nio-8080"]

03-Apr-2023 12:47:11.770 INFO [main] org.apache.catalina.startup.Catalina.load Server initialization in [430] milliseconds
03-Apr-2023 12:47:11.806 INFO [main] org.apache.catalina.core.StandardService.startInternal Arrancando servicio [Catalina]
03-Apr-2023 12:47:11.806 INFO [main] org.apache.catalina.core.StandardEngine.startInternal Starting Servlet engine: [Apache Tomcat/10.1.7]
03-Apr-2023 12:47:11.816 INFO [main] org.apache.catalina.startup.HostConfig.deployDirectory Desplegando el directorio [C:\Users\newJo\Desktop\Practica Web\server\webapps\docs] de la aplicación web
03-Apr-2023 12:47:12.087 INFO [main] org.apache.catalina.startup.HostConfig.deployDirectory Deployment of web application directory [C:\Users\newJo\Desktop\Practica Web\server\webapps\docs] has finished in [268] ms
03-Apr-2023 12:47:12.088 INFO [main] org.apache.catalina.startup.HostConfig.deployDirectory Desplegando el directorio [C:\Users\newJo\Desktop\Practica Web\server\webapps\examples] de la aplicación web
03-Apr-2023 12:47:12.487 INFO [main] org.apache.catalina.startup.HostConfig.deployDirectory Deployment of web application directory [C:\Users\newJo\Desktop\Practica Web\server\webapps\examples] has finished in [398] ms
03-Apr-2023 12:47:12.487 INFO [main] org.apache.catalina.startup.HostConfig.deployDirectory Desplegando el directorio [C:\Users\newJo\Desktop\Practica Web\server\webapps\host-manager] de la aplicación web
03-Apr-2023 12:47:12.528 INFO [main] org.apache.catalina.startup.HostConfig.deployDirectory Deployment of web application directory [C:\Users\newJo\Desktop\Practica Web\server\webapps\host-manager] has finished in [41] ms
03-Apr-2023 12:47:12.529 INFO [main] org.apache.catalina.startup.HostConfig.deployDirectory Desplegando el directorio [C:\Users\newJo\Desktop\Practica Web\server\webapps\manager] de la aplicación web
03-Apr-2023 12:47:12.573 INFO [main] org.apache.catalina.startup.HostConfig.deployDirectory Deployment of web application directory [C:\Users\newJo\Desktop\Practica Web\server\webapps\manager] has finished in [44] ms
03-Apr-2023 12:47:12.573 INFO [main] org.apache.catalina.startup.HostConfig.deployDirectory Desplegando el directorio [C:\Users\newJo\Desktop\Practica Web\server\webapps\ROOT] de la aplicación web
03-Apr-2023 12:47:12.598 INFO [main] org.apache.catalina.startup.HostConfig.deployDirectory Deployment of web application directory [C:\Users\newJo\Desktop\Practica Web\server\webapps\ROOT] has finished in [25] ms
03-Apr-2023 12:47:12.601 INFO [main] org.apache.coyote.AbstractProtocol.start Starting ProtocolHandler ["http-nio-8080"]
03-Apr-2023 12:47:12.629 INFO [main] org.apache.catalina.startup.Catalina.start Server startup in [858] milliseconds
03-Apr-2023 12:47:52.655 INFO [Catalina-utility-1] org.apache.catalina.users.MemoryUserDatabase.backgroundProcess Reloading memory user database [UserDatabase] from updated source [file:/C:/Users/newJo/Desktop/Practica%20Web/server/conf/tomcat-users.xml]
03-Apr-2023 12:48:34.015 WARNING [http-nio-8080-exec-7] org.apache.catalina.realm.LockOutRealm.filterLockedAccounts Se ha intentado autenticar al usuario bloqueado [root]
03-Apr-2023 12:55:00.583 INFO [main] org.apache.catalina.startup.VersionLoggerListener.log Nombre de la versión del servidor: Apache Tomcat/10.1.7
03-Apr-2023 12:55:00.586 INFO [main] org.apache.catalina.startup.VersionLoggerListener.log Server built:                      Feb 27 2023 20:25:27 UTC
03-Apr-2023 12:55:00.586 INFO [main] org.apache.catalina.startup.VersionLoggerListener.log Número de versión de servidor:     10.1.7.0
03-Apr-2023 12:55:00.587 INFO [main] org.apache.catalina.startup.VersionLoggerListener.log OS Name:                           Windows 10
03-Apr-2023 12:55:00.587 INFO [main] org.apache.catalina.startup.VersionLoggerListener.log Versión de Systema Operativo:      10.0
03-Apr-2023 12:55:00.587 INFO [main] org.apache.catalina.startup.VersionLoggerListener.log Arquitectura:                      amd64
03-Apr-2023 12:55:00.587 INFO [main] org.apache.catalina.startup.VersionLoggerListener.log Java Home:                         C:\Program Files\Java\jdk-19
03-Apr-2023 12:55:00.587 INFO [main] org.apache.catalina.startup.VersionLoggerListener.log JVM Version:                       19.0.1+10-21
03-Apr-2023 12:55:00.587 INFO [main] org.apache.catalina.startup.VersionLoggerListener.log Vededor JVM:                       Oracle Corporation
03-Apr-2023 12:55:00.587 INFO [main] org.apache.catalina.startup.VersionLoggerListener.log CATALINA_BASE:                     C:\Users\newJo\Desktop\Practica Web\server
03-Apr-2023 12:55:00.587 INFO [main] org.apache.catalina.startup.VersionLoggerListener.log CATALINA_HOME:                     C:\Users\newJo\Desktop\Practica Web\server
03-Apr-2023 12:55:00.596 INFO [main] org.apache.catalina.startup.VersionLoggerListener.log Command line argument:             -Djava.util.logging.config.file=C:\Users\newJo\Desktop\Practica Web\server\conf\logging.properties
03-Apr-2023 12:55:00.597 INFO [main] org.apache.catalina.startup.VersionLoggerListener.log Command line argument:             -Djava.util.logging.manager=org.apache.juli.ClassLoaderLogManager
03-Apr-2023 12:55:00.597 INFO [main] org.apache.catalina.startup.VersionLoggerListener.log Command line argument:             -Dhttp.nonProxyHosts=localhost|127.0.0.1|DESKTOP-EDHFQ4L
03-Apr-2023 12:55:00.597 INFO [main] org.apache.catalina.startup.VersionLoggerListener.log Command line argument:             -Djdk.tls.ephemeralDHKeySize=2048
03-Apr-2023 12:55:00.597 INFO [main] org.apache.catalina.startup.VersionLoggerListener.log Command line argument:             -Djava.protocol.handler.pkgs=org.apache.catalina.webresources
03-Apr-2023 12:55:00.597 INFO [main] org.apache.catalina.startup.VersionLoggerListener.log Command line argument:             --add-opens=java.base/java.lang=ALL-UNNAMED
03-Apr-2023 12:55:00.597 INFO [main] org.apache.catalina.startup.VersionLoggerListener.log Command line argument:             --add-opens=java.base/java.io=ALL-UNNAMED
03-Apr-2023 12:55:00.597 INFO [main] org.apache.catalina.startup.VersionLoggerListener.log Command line argument:             --add-opens=java.base/java.util=ALL-UNNAMED
03-Apr-2023 12:55:00.597 INFO [main] org.apache.catalina.startup.VersionLoggerListener.log Command line argument:             --add-opens=java.base/java.util.concurrent=ALL-UNNAMED
03-Apr-2023 12:55:00.597 INFO [main] org.apache.catalina.startup.VersionLoggerListener.log Command line argument:             --add-opens=java.rmi/sun.rmi.transport=ALL-UNNAMED
03-Apr-2023 12:55:00.597 INFO [main] org.apache.catalina.startup.VersionLoggerListener.log Command line argument:             -Dcatalina.base=C:\Users\newJo\Desktop\Practica Web\server
03-Apr-2023 12:55:00.597 INFO [main] org.apache.catalina.startup.VersionLoggerListener.log Command line argument:             -Dcatalina.home=C:\Users\newJo\Desktop\Practica Web\server
03-Apr-2023 12:55:00.597 INFO [main] org.apache.catalina.startup.VersionLoggerListener.log Command line argument:             -Djava.io.tmpdir=C:\Users\newJo\Desktop\Practica Web\server\temp
03-Apr-2023 12:55:00.600 INFO [main] org.apache.catalina.core.AprLifecycleListener.lifecycleEvent Cargada la biblioteca nativa APR de Apache Tomcat [2.0.3] con la versión APR [1.7.2].
03-Apr-2023 12:55:00.631 INFO [main] org.apache.catalina.core.AprLifecycleListener.initializeSSL OpenSSL inicializado correctamente [OpenSSL 3.0.8 7 Feb 2023]
03-Apr-2023 12:55:00.863 INFO [main] org.apache.coyote.AbstractProtocol.init Inicializando el manejador de protocolo ["http-nio-8080"]

03-Apr-2023 12:55:00.882 INFO [main] org.apache.catalina.startup.Catalina.load Server initialization in [459] milliseconds
03-Apr-2023 12:55:00.921 INFO [main] org.apache.catalina.core.StandardService.startInternal Arrancando servicio [Catalina]
03-Apr-2023 12:55:00.921 INFO [main] org.apache.catalina.core.StandardEngine.startInternal Starting Servlet engine: [Apache Tomcat/10.1.7]
03-Apr-2023 12:55:00.931 INFO [main] org.apache.catalina.startup.HostConfig.deployDirectory Desplegando el directorio [C:\Users\newJo\Desktop\Practica Web\server\webapps\docs] de la aplicación web
03-Apr-2023 12:55:01.219 INFO [main] org.apache.catalina.startup.HostConfig.deployDirectory Deployment of web application directory [C:\Users\newJo\Desktop\Practica Web\server\webapps\docs] has finished in [285] ms
03-Apr-2023 12:55:01.219 INFO [main] org.apache.catalina.startup.HostConfig.deployDirectory Desplegando el directorio [C:\Users\newJo\Desktop\Practica Web\server\webapps\examples] de la aplicación web
03-Apr-2023 12:55:01.636 INFO [main] org.apache.catalina.startup.HostConfig.deployDirectory Deployment of web application directory [C:\Users\newJo\Desktop\Practica Web\server\webapps\examples] has finished in [416] ms
03-Apr-2023 12:55:01.636 INFO [main] org.apache.catalina.startup.HostConfig.deployDirectory Desplegando el directorio [C:\Users\newJo\Desktop\Practica Web\server\webapps\host-manager] de la aplicación web
03-Apr-2023 12:55:01.677 INFO [main] org.apache.catalina.startup.HostConfig.deployDirectory Deployment of web application directory [C:\Users\newJo\Desktop\Practica Web\server\webapps\host-manager] has finished in [41] ms
03-Apr-2023 12:55:01.678 INFO [main] org.apache.catalina.startup.HostConfig.deployDirectory Desplegando el directorio [C:\Users\newJo\Desktop\Practica Web\server\webapps\manager] de la aplicación web
03-Apr-2023 12:55:01.724 INFO [main] org.apache.catalina.startup.HostConfig.deployDirectory Deployment of web application directory [C:\Users\newJo\Desktop\Practica Web\server\webapps\manager] has finished in [46] ms
03-Apr-2023 12:55:01.725 INFO [main] org.apache.catalina.startup.HostConfig.deployDirectory Desplegando el directorio [C:\Users\newJo\Desktop\Practica Web\server\webapps\ROOT] de la aplicación web
03-Apr-2023 12:55:01.753 INFO [main] org.apache.catalina.startup.HostConfig.deployDirectory Deployment of web application directory [C:\Users\newJo\Desktop\Practica Web\server\webapps\ROOT] has finished in [28] ms
03-Apr-2023 12:55:01.756 INFO [main] org.apache.coyote.AbstractProtocol.start Starting ProtocolHandler ["http-nio-8080"]
03-Apr-2023 12:55:01.786 INFO [main] org.apache.catalina.startup.Catalina.start Server startup in [904] milliseconds
03-Apr-2023 13:19:58.974 INFO [http-nio-8080-exec-5] org.apache.catalina.startup.HostConfig.deployDescriptor Desplieque del descriptor de configuración [C:\Users\newJo\Desktop\Practica Web\server\conf\Catalina\localhost\WebProyect.xml]
03-Apr-2023 13:19:58.976 WARNING [http-nio-8080-exec-5] org.apache.catalina.startup.HostConfig.deployDescriptor The path attribute with value [/WebProyect] in deployment descriptor [C:\Users\newJo\Desktop\Practica Web\server\conf\Catalina\localhost\WebProyect.xml] has been ignored
03-Apr-2023 13:19:59.010 INFO [http-nio-8080-exec-5] org.apache.catalina.startup.HostConfig.deployDescriptor Deployment of deployment descriptor [C:\Users\newJo\Desktop\Practica Web\server\conf\Catalina\localhost\WebProyect.xml] has finished in [36] ms
03-Apr-2023 13:19:59.013 INFO [http-nio-8080-exec-4] org.apache.catalina.util.LifecycleBase.start The start() method was called on component [StandardEngine[Catalina].StandardHost[localhost].StandardContext[/WebProyect]] after start() had already been called. The second call will be ignored.
03-Apr-2023 13:21:36.964 INFO [http-nio-8080-exec-10] org.apache.catalina.startup.HostConfig.undeploy Repliegue (undeploy) de la aplicación web que tiene como trayectoria de contexto [/WebProyect]
03-Apr-2023 13:21:36.979 INFO [http-nio-8080-exec-8] org.apache.catalina.startup.HostConfig.deployDescriptor Desplieque del descriptor de configuración [C:\Users\newJo\Desktop\Practica Web\server\conf\Catalina\localhost\WebProyect.xml]
03-Apr-2023 13:21:36.980 WARNING [http-nio-8080-exec-8] org.apache.catalina.startup.HostConfig.deployDescriptor The path attribute with value [/WebProyect] in deployment descriptor [C:\Users\newJo\Desktop\Practica Web\server\conf\Catalina\localhost\WebProyect.xml] has been ignored
03-Apr-2023 13:21:37.006 INFO [http-nio-8080-exec-8] org.apache.catalina.startup.HostConfig.deployDescriptor Deployment of deployment descriptor [C:\Users\newJo\Desktop\Practica Web\server\conf\Catalina\localhost\WebProyect.xml] has finished in [26] ms
03-Apr-2023 13:21:37.008 INFO [http-nio-8080-exec-3] org.apache.catalina.util.LifecycleBase.start The start() method was called on component [StandardEngine[Catalina].StandardHost[localhost].StandardContext[/WebProyect]] after start() had already been called. The second call will be ignored.
03-Apr-2023 13:25:07.942 INFO [http-nio-8080-exec-18] org.apache.catalina.startup.HostConfig.undeploy Repliegue (undeploy) de la aplicación web que tiene como trayectoria de contexto [/WebProyect]
03-Apr-2023 13:25:07.958 INFO [http-nio-8080-exec-11] org.apache.catalina.startup.HostConfig.deployDescriptor Desplieque del descriptor de configuración [C:\Users\newJo\Desktop\Practica Web\server\conf\Catalina\localhost\WebProyect.xml]
03-Apr-2023 13:25:07.959 WARNING [http-nio-8080-exec-11] org.apache.catalina.startup.HostConfig.deployDescriptor The path attribute with value [/WebProyect] in deployment descriptor [C:\Users\newJo\Desktop\Practica Web\server\conf\Catalina\localhost\WebProyect.xml] has been ignored
03-Apr-2023 13:25:07.981 INFO [http-nio-8080-exec-11] org.apache.catalina.startup.HostConfig.deployDescriptor Deployment of deployment descriptor [C:\Users\newJo\Desktop\Practica Web\server\conf\Catalina\localhost\WebProyect.xml] has finished in [23] ms
03-Apr-2023 13:25:07.984 INFO [http-nio-8080-exec-15] org.apache.catalina.util.LifecycleBase.start The start() method was called on component [StandardEngine[Catalina].StandardHost[localhost].StandardContext[/WebProyect]] after start() had already been called. The second call will be ignored.
03-Apr-2023 13:25:31.882 INFO [http-nio-8080-exec-17] org.apache.catalina.startup.HostConfig.undeploy Repliegue (undeploy) de la aplicación web que tiene como trayectoria de contexto [/WebProyect]
03-Apr-2023 13:25:31.897 INFO [http-nio-8080-exec-20] org.apache.catalina.startup.HostConfig.deployDescriptor Desplieque del descriptor de configuración [C:\Users\newJo\Desktop\Practica Web\server\conf\Catalina\localhost\WebProyect.xml]
03-Apr-2023 13:25:31.898 WARNING [http-nio-8080-exec-20] org.apache.catalina.startup.HostConfig.deployDescriptor The path attribute with value [/WebProyect] in deployment descriptor [C:\Users\newJo\Desktop\Practica Web\server\conf\Catalina\localhost\WebProyect.xml] has been ignored
03-Apr-2023 13:25:31.920 INFO [http-nio-8080-exec-20] org.apache.catalina.startup.HostConfig.deployDescriptor Deployment of deployment descriptor [C:\Users\newJo\Desktop\Practica Web\server\conf\Catalina\localhost\WebProyect.xml] has finished in [23] ms
03-Apr-2023 13:25:31.922 INFO [http-nio-8080-exec-19] org.apache.catalina.util.LifecycleBase.start The start() method was called on component [StandardEngine[Catalina].StandardHost[localhost].StandardContext[/WebProyect]] after start() had already been called. The second call will be ignored.
03-Apr-2023 13:27:07.880 INFO [http-nio-8080-exec-26] org.apache.catalina.startup.HostConfig.undeploy Repliegue (undeploy) de la aplicación web que tiene como trayectoria de contexto [/WebProyect]
03-Apr-2023 13:27:07.899 INFO [http-nio-8080-exec-32] org.apache.catalina.startup.HostConfig.deployDescriptor Desplieque del descriptor de configuración [C:\Users\newJo\Desktop\Practica Web\server\conf\Catalina\localhost\WebProyect.xml]
03-Apr-2023 13:27:07.900 WARNING [http-nio-8080-exec-32] org.apache.catalina.startup.HostConfig.deployDescriptor The path attribute with value [/WebProyect] in deployment descriptor [C:\Users\newJo\Desktop\Practica Web\server\conf\Catalina\localhost\WebProyect.xml] has been ignored
03-Apr-2023 13:27:07.924 INFO [http-nio-8080-exec-32] org.apache.catalina.startup.HostConfig.deployDescriptor Deployment of deployment descriptor [C:\Users\newJo\Desktop\Practica Web\server\conf\Catalina\localhost\WebProyect.xml] has finished in [25] ms
03-Apr-2023 13:27:07.926 INFO [http-nio-8080-exec-27] org.apache.catalina.util.LifecycleBase.start The start() method was called on component [StandardEngine[Catalina].StandardHost[localhost].StandardContext[/WebProyect]] after start() had already been called. The second call will be ignored.
03-Apr-2023 13:35:44.162 INFO [main] org.apache.catalina.core.StandardServer.await Se ha recibido un comando de apagado a través del puerto de apagado. Parando la instancia del Servidor.
03-Apr-2023 13:35:44.163 INFO [main] org.apache.coyote.AbstractProtocol.pause Pausing ProtocolHandler ["http-nio-8080"]
03-Apr-2023 13:35:44.170 INFO [main] org.apache.catalina.core.StandardService.stopInternal Parando servicio [Catalina]
03-Apr-2023 13:35:44.184 INFO [main] org.apache.coyote.AbstractProtocol.stop Stopping ProtocolHandler ["http-nio-8080"]
03-Apr-2023 13:35:44.193 INFO [main] org.apache.coyote.AbstractProtocol.destroy Destroying ProtocolHandler ["http-nio-8080"]
03-Apr-2023 13:39:24.098 INFO [main] org.apache.catalina.startup.VersionLoggerListener.log Nombre de la versión del servidor: Apache Tomcat/10.1.7
03-Apr-2023 13:39:24.101 INFO [main] org.apache.catalina.startup.VersionLoggerListener.log Server built:                      Feb 27 2023 20:25:27 UTC
03-Apr-2023 13:39:24.102 INFO [main] org.apache.catalina.startup.VersionLoggerListener.log Número de versión de servidor:     10.1.7.0
03-Apr-2023 13:39:24.102 INFO [main] org.apache.catalina.startup.VersionLoggerListener.log OS Name:                           Windows 10
03-Apr-2023 13:39:24.102 INFO [main] org.apache.catalina.startup.VersionLoggerListener.log Versión de Systema Operativo:      10.0
03-Apr-2023 13:39:24.102 INFO [main] org.apache.catalina.startup.VersionLoggerListener.log Arquitectura:                      amd64
03-Apr-2023 13:39:24.102 INFO [main] org.apache.catalina.startup.VersionLoggerListener.log Java Home:                         C:\Program Files\Java\jdk-19
03-Apr-2023 13:39:24.102 INFO [main] org.apache.catalina.startup.VersionLoggerListener.log JVM Version:                       19.0.1+10-21
03-Apr-2023 13:39:24.102 INFO [main] org.apache.catalina.startup.VersionLoggerListener.log Vededor JVM:                       Oracle Corporation
03-Apr-2023 13:39:24.102 INFO [main] org.apache.catalina.startup.VersionLoggerListener.log CATALINA_BASE:                     C:\Users\newJo\Desktop\web2023\server
03-Apr-2023 13:39:24.102 INFO [main] org.apache.catalina.startup.VersionLoggerListener.log CATALINA_HOME:                     C:\Users\newJo\Desktop\web2023\server
03-Apr-2023 13:39:24.111 INFO [main] org.apache.catalina.startup.VersionLoggerListener.log Command line argument:             -Djava.util.logging.config.file=C:\Users\newJo\Desktop\web2023\server\conf\logging.properties
03-Apr-2023 13:39:24.111 INFO [main] org.apache.catalina.startup.VersionLoggerListener.log Command line argument:             -Djava.util.logging.manager=org.apache.juli.ClassLoaderLogManager
03-Apr-2023 13:39:24.112 INFO [main] org.apache.catalina.startup.VersionLoggerListener.log Command line argument:             -Dhttp.nonProxyHosts=localhost|127.0.0.1|DESKTOP-EDHFQ4L
03-Apr-2023 13:39:24.112 INFO [main] org.apache.catalina.startup.VersionLoggerListener.log Command line argument:             -Djdk.tls.ephemeralDHKeySize=2048
03-Apr-2023 13:39:24.112 INFO [main] org.apache.catalina.startup.VersionLoggerListener.log Command line argument:             -Djava.protocol.handler.pkgs=org.apache.catalina.webresources
03-Apr-2023 13:39:24.112 INFO [main] org.apache.catalina.startup.VersionLoggerListener.log Command line argument:             --add-opens=java.base/java.lang=ALL-UNNAMED
03-Apr-2023 13:39:24.112 INFO [main] org.apache.catalina.startup.VersionLoggerListener.log Command line argument:             --add-opens=java.base/java.io=ALL-UNNAMED
03-Apr-2023 13:39:24.112 INFO [main] org.apache.catalina.startup.VersionLoggerListener.log Command line argument:             --add-opens=java.base/java.util=ALL-UNNAMED
03-Apr-2023 13:39:24.112 INFO [main] org.apache.catalina.startup.VersionLoggerListener.log Command line argument:             --add-opens=java.base/java.util.concurrent=ALL-UNNAMED
03-Apr-2023 13:39:24.112 INFO [main] org.apache.catalina.startup.VersionLoggerListener.log Command line argument:             --add-opens=java.rmi/sun.rmi.transport=ALL-UNNAMED
03-Apr-2023 13:39:24.112 INFO [main] org.apache.catalina.startup.VersionLoggerListener.log Command line argument:             -Dcatalina.base=C:\Users\newJo\Desktop\web2023\server
03-Apr-2023 13:39:24.112 INFO [main] org.apache.catalina.startup.VersionLoggerListener.log Command line argument:             -Dcatalina.home=C:\Users\newJo\Desktop\web2023\server
03-Apr-2023 13:39:24.112 INFO [main] org.apache.catalina.startup.VersionLoggerListener.log Command line argument:             -Djava.io.tmpdir=C:\Users\newJo\Desktop\web2023\server\temp
03-Apr-2023 13:39:24.142 INFO [main] org.apache.catalina.core.AprLifecycleListener.lifecycleEvent Cargada la biblioteca nativa APR de Apache Tomcat [2.0.3] con la versión APR [1.7.2].
03-Apr-2023 13:39:24.218 INFO [main] org.apache.catalina.core.AprLifecycleListener.initializeSSL OpenSSL inicializado correctamente [OpenSSL 3.0.8 7 Feb 2023]
03-Apr-2023 13:39:24.468 INFO [main] org.apache.coyote.AbstractProtocol.init Inicializando el manejador de protocolo ["http-nio-8080"]

03-Apr-2023 13:39:24.487 INFO [main] org.apache.catalina.startup.Catalina.load Server initialization in [628] milliseconds
03-Apr-2023 13:39:24.570 INFO [main] org.apache.catalina.core.StandardService.startInternal Arrancando servicio [Catalina]
03-Apr-2023 13:39:24.570 INFO [main] org.apache.catalina.core.StandardEngine.startInternal Starting Servlet engine: [Apache Tomcat/10.1.7]
03-Apr-2023 13:39:24.581 INFO [main] org.apache.catalina.startup.HostConfig.deployDescriptor Desplieque del descriptor de configuración [C:\Users\newJo\Desktop\web2023\server\conf\Catalina\localhost\WebProyect.xml]
03-Apr-2023 13:39:24.597 WARNING [main] org.apache.catalina.startup.HostConfig.deployDescriptor The path attribute with value [/WebProyect] in deployment descriptor [C:\Users\newJo\Desktop\web2023\server\conf\Catalina\localhost\WebProyect.xml] has been ignored
03-Apr-2023 13:39:24.653 SEVERE [main] org.apache.catalina.startup.HostConfig.deployDescriptor Error durante el despliegue del descriptor de configuración [C:\Users\newJo\Desktop\web2023\server\conf\Catalina\localhost\WebProyect.xml]
	java.lang.IllegalStateException: Error starting child
		at org.apache.catalina.core.ContainerBase.addChildInternal(ContainerBase.java:686)
		at org.apache.catalina.core.ContainerBase.addChild(ContainerBase.java:658)
		at org.apache.catalina.core.StandardHost.addChild(StandardHost.java:713)
		at org.apache.catalina.startup.HostConfig.deployDescriptor(HostConfig.java:641)
		at org.apache.catalina.startup.HostConfig$DeployDescriptor.run(HostConfig.java:1927)
		at java.base/java.util.concurrent.Executors$RunnableAdapter.call(Executors.java:577)
		at java.base/java.util.concurrent.FutureTask.run(FutureTask.java:317)
		at org.apache.tomcat.util.threads.InlineExecutorService.execute(InlineExecutorService.java:75)
		at java.base/java.util.concurrent.AbstractExecutorService.submit(AbstractExecutorService.java:123)
		at org.apache.catalina.startup.HostConfig.deployDescriptors(HostConfig.java:534)
		at org.apache.catalina.startup.HostConfig.deployApps(HostConfig.java:424)
		at org.apache.catalina.startup.HostConfig.start(HostConfig.java:1656)
		at org.apache.catalina.startup.HostConfig.lifecycleEvent(HostConfig.java:309)
		at org.apache.catalina.util.LifecycleBase.fireLifecycleEvent(LifecycleBase.java:123)
		at org.apache.catalina.util.LifecycleBase.setStateInternal(LifecycleBase.java:423)
		at org.apache.catalina.util.LifecycleBase.setState(LifecycleBase.java:366)
		at org.apache.catalina.core.ContainerBase.startInternal(ContainerBase.java:898)
		at org.apache.catalina.core.StandardHost.startInternal(StandardHost.java:846)
		at org.apache.catalina.util.LifecycleBase.start(LifecycleBase.java:183)
		at org.apache.catalina.core.ContainerBase$StartChild.call(ContainerBase.java:1332)
		at org.apache.catalina.core.ContainerBase$StartChild.call(ContainerBase.java:1322)
		at java.base/java.util.concurrent.FutureTask.run(FutureTask.java:317)
		at org.apache.tomcat.util.threads.InlineExecutorService.execute(InlineExecutorService.java:75)
		at java.base/java.util.concurrent.AbstractExecutorService.submit(AbstractExecutorService.java:145)
		at org.apache.catalina.core.ContainerBase.startInternal(ContainerBase.java:871)
		at org.apache.catalina.core.StandardEngine.startInternal(StandardEngine.java:241)
		at org.apache.catalina.util.LifecycleBase.start(LifecycleBase.java:183)
		at org.apache.catalina.core.StandardService.startInternal(StandardService.java:428)
		at org.apache.catalina.util.LifecycleBase.start(LifecycleBase.java:183)
		at org.apache.catalina.core.StandardServer.startInternal(StandardServer.java:913)
		at org.apache.catalina.util.LifecycleBase.start(LifecycleBase.java:183)
		at org.apache.catalina.startup.Catalina.start(Catalina.java:795)
		at java.base/jdk.internal.reflect.DirectMethodHandleAccessor.invoke(DirectMethodHandleAccessor.java:104)
		at java.base/java.lang.reflect.Method.invoke(Method.java:578)
		at org.apache.catalina.startup.Bootstrap.start(Bootstrap.java:347)
		at org.apache.catalina.startup.Bootstrap.main(Bootstrap.java:478)
	Caused by: org.apache.catalina.LifecycleException: Failed to start component [org.apache.catalina.webresources.StandardRoot@3e62d773]
		at org.apache.catalina.util.LifecycleBase.handleSubClassException(LifecycleBase.java:440)
		at org.apache.catalina.util.LifecycleBase.start(LifecycleBase.java:198)
		at org.apache.catalina.core.StandardContext.resourcesStart(StandardContext.java:4566)
		at org.apache.catalina.core.StandardContext.startInternal(StandardContext.java:4699)
		at org.apache.catalina.util.LifecycleBase.start(LifecycleBase.java:183)
		at org.apache.catalina.core.ContainerBase.addChildInternal(ContainerBase.java:683)
		... 35 more
	Caused by: java.lang.IllegalArgumentException: The main resource set specified [C:\Users\newJo\Desktop\Practica Web\proyect\WebProyect\target\WebProyect-1.0-SNAPSHOT] is not valid
		at org.apache.catalina.webresources.StandardRoot.createMainResourceSet(StandardRoot.java:749)
		at org.apache.catalina.webresources.StandardRoot.startInternal(StandardRoot.java:707)
		at org.apache.catalina.util.LifecycleBase.start(LifecycleBase.java:183)
		... 39 more
03-Apr-2023 13:39:24.672 INFO [main] org.apache.catalina.startup.HostConfig.deployDescriptor Deployment of deployment descriptor [C:\Users\newJo\Desktop\web2023\server\conf\Catalina\localhost\WebProyect.xml] has finished in [89] ms
03-Apr-2023 13:39:24.673 INFO [main] org.apache.catalina.startup.HostConfig.deployDirectory Desplegando el directorio [C:\Users\newJo\Desktop\web2023\server\webapps\docs] de la aplicación web
03-Apr-2023 13:39:24.916 INFO [main] org.apache.catalina.startup.HostConfig.deployDirectory Deployment of web application directory [C:\Users\newJo\Desktop\web2023\server\webapps\docs] has finished in [243] ms
03-Apr-2023 13:39:24.916 INFO [main] org.apache.catalina.startup.HostConfig.deployDirectory Desplegando el directorio [C:\Users\newJo\Desktop\web2023\server\webapps\examples] de la aplicación web
03-Apr-2023 13:39:25.446 INFO [main] org.apache.catalina.startup.HostConfig.deployDirectory Deployment of web application directory [C:\Users\newJo\Desktop\web2023\server\webapps\examples] has finished in [529] ms
03-Apr-2023 13:39:25.446 INFO [main] org.apache.catalina.startup.HostConfig.deployDirectory Desplegando el directorio [C:\Users\newJo\Desktop\web2023\server\webapps\host-manager] de la aplicación web
03-Apr-2023 13:39:25.501 INFO [main] org.apache.catalina.startup.HostConfig.deployDirectory Deployment of web application directory [C:\Users\newJo\Desktop\web2023\server\webapps\host-manager] has finished in [55] ms
03-Apr-2023 13:39:25.501 INFO [main] org.apache.catalina.startup.HostConfig.deployDirectory Desplegando el directorio [C:\Users\newJo\Desktop\web2023\server\webapps\manager] de la aplicación web
03-Apr-2023 13:39:25.552 INFO [main] org.apache.catalina.startup.HostConfig.deployDirectory Deployment of web application directory [C:\Users\newJo\Desktop\web2023\server\webapps\manager] has finished in [51] ms
03-Apr-2023 13:39:25.552 INFO [main] org.apache.catalina.startup.HostConfig.deployDirectory Desplegando el directorio [C:\Users\newJo\Desktop\web2023\server\webapps\ROOT] de la aplicación web
03-Apr-2023 13:39:25.577 INFO [main] org.apache.catalina.startup.HostConfig.deployDirectory Deployment of web application directory [C:\Users\newJo\Desktop\web2023\server\webapps\ROOT] has finished in [25] ms
03-Apr-2023 13:39:25.581 INFO [main] org.apache.coyote.AbstractProtocol.start Starting ProtocolHandler ["http-nio-8080"]
03-Apr-2023 13:39:25.620 INFO [main] org.apache.catalina.startup.Catalina.start Server startup in [1131] milliseconds
03-Apr-2023 13:39:58.520 INFO [http-nio-8080-exec-10] org.apache.catalina.startup.HostConfig.undeploy Repliegue (undeploy) de la aplicación web que tiene como trayectoria de contexto [/WebProyect]
03-Apr-2023 13:39:58.552 INFO [http-nio-8080-exec-3] org.apache.catalina.startup.HostConfig.deployDescriptor Desplieque del descriptor de configuración [C:\Users\newJo\Desktop\web2023\server\conf\Catalina\localhost\WebProyect.xml]
03-Apr-2023 13:39:58.553 WARNING [http-nio-8080-exec-3] org.apache.catalina.startup.HostConfig.deployDescriptor The path attribute with value [/WebProyect] in deployment descriptor [C:\Users\newJo\Desktop\web2023\server\conf\Catalina\localhost\WebProyect.xml] has been ignored
03-Apr-2023 13:39:58.583 INFO [http-nio-8080-exec-3] org.apache.catalina.startup.HostConfig.deployDescriptor Deployment of deployment descriptor [C:\Users\newJo\Desktop\web2023\server\conf\Catalina\localhost\WebProyect.xml] has finished in [31] ms
03-Apr-2023 13:39:58.588 INFO [http-nio-8080-exec-5] org.apache.catalina.util.LifecycleBase.start The start() method was called on component [StandardEngine[Catalina].StandardHost[localhost].StandardContext[/WebProyect]] after start() had already been called. The second call will be ignored.
03-Apr-2023 13:40:23.073 WARNING [http-nio-8080-exec-1] org.apache.catalina.realm.LockOutRealm.filterLockedAccounts Se ha intentado autenticar al usuario bloqueado [root]
03-Apr-2023 13:40:43.692 WARNING [http-nio-8080-exec-14] org.apache.catalina.realm.LockOutRealm.filterLockedAccounts Se ha intentado autenticar al usuario bloqueado [root]
03-Apr-2023 13:40:47.788 WARNING [http-nio-8080-exec-12] org.apache.catalina.realm.LockOutRealm.filterLockedAccounts Se ha intentado autenticar al usuario bloqueado [root]
03-Apr-2023 13:40:47.792 WARNING [http-nio-8080-exec-6] org.apache.catalina.realm.LockOutRealm.filterLockedAccounts Se ha intentado autenticar al usuario bloqueado [root]
03-Apr-2023 13:40:47.800 WARNING [http-nio-8080-exec-13] org.apache.catalina.realm.LockOutRealm.filterLockedAccounts Se ha intentado autenticar al usuario bloqueado [root]
03-Apr-2023 13:40:48.318 INFO [http-nio-8080-exec-15] org.apache.catalina.startup.HostConfig.undeploy Repliegue (undeploy) de la aplicación web que tiene como trayectoria de contexto [/WebProyect]
03-Apr-2023 13:40:48.330 WARNING [http-nio-8080-exec-12] org.apache.catalina.realm.LockOutRealm.filterLockedAccounts Se ha intentado autenticar al usuario bloqueado [root]
03-Apr-2023 13:40:48.333 INFO [http-nio-8080-exec-6] org.apache.catalina.startup.HostConfig.deployDescriptor Desplieque del descriptor de configuración [C:\Users\newJo\Desktop\web2023\server\conf\Catalina\localhost\WebProyect.xml]
03-Apr-2023 13:40:48.334 WARNING [http-nio-8080-exec-6] org.apache.catalina.startup.HostConfig.deployDescriptor The path attribute with value [/WebProyect] in deployment descriptor [C:\Users\newJo\Desktop\web2023\server\conf\Catalina\localhost\WebProyect.xml] has been ignored
03-Apr-2023 13:40:48.357 INFO [http-nio-8080-exec-6] org.apache.catalina.startup.HostConfig.deployDescriptor Deployment of deployment descriptor [C:\Users\newJo\Desktop\web2023\server\conf\Catalina\localhost\WebProyect.xml] has finished in [24] ms
03-Apr-2023 13:40:48.360 WARNING [http-nio-8080-exec-7] org.apache.catalina.realm.LockOutRealm.filterLockedAccounts Se ha intentado autenticar al usuario bloqueado [root]
03-Apr-2023 13:40:48.361 INFO [http-nio-8080-exec-13] org.apache.catalina.util.LifecycleBase.start The start() method was called on component [StandardEngine[Catalina].StandardHost[localhost].StandardContext[/WebProyect]] after start() had already been called. The second call will be ignored.
03-Apr-2023 13:40:56.189 WARNING [http-nio-8080-exec-13] org.apache.catalina.realm.LockOutRealm.filterLockedAccounts Se ha intentado autenticar al usuario bloqueado [root]
03-Apr-2023 13:40:58.428 WARNING [http-nio-8080-exec-19] org.apache.catalina.realm.LockOutRealm.filterLockedAccounts Se ha intentado autenticar al usuario bloqueado [root]
03-Apr-2023 13:40:58.432 WARNING [http-nio-8080-exec-17] org.apache.catalina.realm.LockOutRealm.filterLockedAccounts Se ha intentado autenticar al usuario bloqueado [root]
03-Apr-2023 13:40:58.441 WARNING [http-nio-8080-exec-18] org.apache.catalina.realm.LockOutRealm.filterLockedAccounts Se ha intentado autenticar al usuario bloqueado [root]
03-Apr-2023 13:40:58.959 INFO [http-nio-8080-exec-7] org.apache.catalina.startup.HostConfig.undeploy Repliegue (undeploy) de la aplicación web que tiene como trayectoria de contexto [/WebProyect]
03-Apr-2023 13:40:58.970 WARNING [http-nio-8080-exec-18] org.apache.catalina.realm.LockOutRealm.filterLockedAccounts Se ha intentado autenticar al usuario bloqueado [root]
03-Apr-2023 13:40:58.973 INFO [http-nio-8080-exec-14] org.apache.catalina.startup.HostConfig.deployDescriptor Desplieque del descriptor de configuración [C:\Users\newJo\Desktop\web2023\server\conf\Catalina\localhost\WebProyect.xml]
03-Apr-2023 13:40:58.974 WARNING [http-nio-8080-exec-14] org.apache.catalina.startup.HostConfig.deployDescriptor The path attribute with value [/WebProyect] in deployment descriptor [C:\Users\newJo\Desktop\web2023\server\conf\Catalina\localhost\WebProyect.xml] has been ignored
03-Apr-2023 13:40:58.996 INFO [http-nio-8080-exec-14] org.apache.catalina.startup.HostConfig.deployDescriptor Deployment of deployment descriptor [C:\Users\newJo\Desktop\web2023\server\conf\Catalina\localhost\WebProyect.xml] has finished in [23] ms
03-Apr-2023 13:40:58.998 WARNING [http-nio-8080-exec-16] org.apache.catalina.realm.LockOutRealm.filterLockedAccounts Se ha intentado autenticar al usuario bloqueado [root]
03-Apr-2023 13:40:59.000 INFO [http-nio-8080-exec-13] org.apache.catalina.util.LifecycleBase.start The start() method was called on component [StandardEngine[Catalina].StandardHost[localhost].StandardContext[/WebProyect]] after start() had already been called. The second call will be ignored.
03-Apr-2023 13:41:11.360 WARNING [http-nio-8080-exec-13] org.apache.catalina.realm.LockOutRealm.filterLockedAccounts Se ha intentado autenticar al usuario bloqueado [root]
03-Apr-2023 13:41:14.096 WARNING [http-nio-8080-exec-23] org.apache.catalina.realm.LockOutRealm.filterLockedAccounts Se ha intentado autenticar al usuario bloqueado [root]
03-Apr-2023 13:41:14.100 WARNING [http-nio-8080-exec-18] org.apache.catalina.realm.LockOutRealm.filterLockedAccounts Se ha intentado autenticar al usuario bloqueado [root]
03-Apr-2023 13:41:14.107 WARNING [http-nio-8080-exec-22] org.apache.catalina.realm.LockOutRealm.filterLockedAccounts Se ha intentado autenticar al usuario bloqueado [root]
03-Apr-2023 13:41:14.621 INFO [http-nio-8080-exec-9] org.apache.catalina.startup.HostConfig.undeploy Repliegue (undeploy) de la aplicación web que tiene como trayectoria de contexto [/WebProyect]
03-Apr-2023 13:41:14.632 WARNING [http-nio-8080-exec-22] org.apache.catalina.realm.LockOutRealm.filterLockedAccounts Se ha intentado autenticar al usuario bloqueado [root]
03-Apr-2023 13:41:14.635 INFO [http-nio-8080-exec-13] org.apache.catalina.startup.HostConfig.deployDescriptor Desplieque del descriptor de configuración [C:\Users\newJo\Desktop\web2023\server\conf\Catalina\localhost\WebProyect.xml]
03-Apr-2023 13:41:14.635 WARNING [http-nio-8080-exec-13] org.apache.catalina.startup.HostConfig.deployDescriptor The path attribute with value [/WebProyect] in deployment descriptor [C:\Users\newJo\Desktop\web2023\server\conf\Catalina\localhost\WebProyect.xml] has been ignored
03-Apr-2023 13:41:14.658 INFO [http-nio-8080-exec-13] org.apache.catalina.startup.HostConfig.deployDescriptor Deployment of deployment descriptor [C:\Users\newJo\Desktop\web2023\server\conf\Catalina\localhost\WebProyect.xml] has finished in [23] ms
03-Apr-2023 13:41:14.660 WARNING [http-nio-8080-exec-17] org.apache.catalina.realm.LockOutRealm.filterLockedAccounts Se ha intentado autenticar al usuario bloqueado [root]
03-Apr-2023 13:41:14.662 INFO [http-nio-8080-exec-21] org.apache.catalina.util.LifecycleBase.start The start() method was called on component [StandardEngine[Catalina].StandardHost[localhost].StandardContext[/WebProyect]] after start() had already been called. The second call will be ignored.
03-Apr-2023 13:41:53.694 WARNING [http-nio-8080-exec-20] org.apache.catalina.realm.LockOutRealm.filterLockedAccounts Se ha intentado autenticar al usuario bloqueado [root]
03-Apr-2023 13:41:55.305 WARNING [http-nio-8080-exec-23] org.apache.catalina.realm.LockOutRealm.filterLockedAccounts Se ha intentado autenticar al usuario bloqueado [root]
03-Apr-2023 13:41:55.311 WARNING [http-nio-8080-exec-24] org.apache.catalina.realm.LockOutRealm.filterLockedAccounts Se ha intentado autenticar al usuario bloqueado [root]
03-Apr-2023 13:41:55.321 WARNING [http-nio-8080-exec-26] org.apache.catalina.realm.LockOutRealm.filterLockedAccounts Se ha intentado autenticar al usuario bloqueado [root]
03-Apr-2023 13:41:55.833 INFO [http-nio-8080-exec-29] org.apache.catalina.startup.HostConfig.undeploy Repliegue (undeploy) de la aplicación web que tiene como trayectoria de contexto [/WebProyect]
03-Apr-2023 13:41:55.844 WARNING [http-nio-8080-exec-22] org.apache.catalina.realm.LockOutRealm.filterLockedAccounts Se ha intentado autenticar al usuario bloqueado [root]
03-Apr-2023 13:41:56.344 INFO [Catalina-utility-1] org.apache.catalina.startup.HostConfig.undeploy Repliegue (undeploy) de la aplicación web que tiene como trayectoria de contexto [/WebProyect]
03-Apr-2023 13:41:58.804 WARNING [http-nio-8080-exec-26] org.apache.catalina.realm.LockOutRealm.filterLockedAccounts Se ha intentado autenticar al usuario bloqueado [root]
03-Apr-2023 13:41:58.810 WARNING [http-nio-8080-exec-28] org.apache.catalina.realm.LockOutRealm.filterLockedAccounts Se ha intentado autenticar al usuario bloqueado [root]
03-Apr-2023 13:41:58.823 WARNING [http-nio-8080-exec-30] org.apache.catalina.realm.LockOutRealm.filterLockedAccounts Se ha intentado autenticar al usuario bloqueado [root]
03-Apr-2023 13:41:58.828 INFO [http-nio-8080-exec-25] org.apache.catalina.startup.HostConfig.deployDescriptor Desplieque del descriptor de configuración [C:\Users\newJo\Desktop\web2023\server\conf\Catalina\localhost\WebProyect.xml]
03-Apr-2023 13:41:58.829 WARNING [http-nio-8080-exec-25] org.apache.catalina.startup.HostConfig.deployDescriptor The path attribute with value [/WebProyect] in deployment descriptor [C:\Users\newJo\Desktop\web2023\server\conf\Catalina\localhost\WebProyect.xml] has been ignored
03-Apr-2023 13:41:58.854 INFO [http-nio-8080-exec-25] org.apache.catalina.startup.HostConfig.deployDescriptor Deployment of deployment descriptor [C:\Users\newJo\Desktop\web2023\server\conf\Catalina\localhost\WebProyect.xml] has finished in [26] ms
03-Apr-2023 13:41:58.856 WARNING [http-nio-8080-exec-23] org.apache.catalina.realm.LockOutRealm.filterLockedAccounts Se ha intentado autenticar al usuario bloqueado [root]
03-Apr-2023 13:41:58.858 INFO [http-nio-8080-exec-13] org.apache.catalina.util.LifecycleBase.start The start() method was called on component [StandardEngine[Catalina].StandardHost[localhost].StandardContext[/WebProyect]] after start() had already been called. The second call will be ignored.
03-Apr-2023 13:42:08.312 WARNING [http-nio-8080-exec-13] org.apache.catalina.realm.LockOutRealm.filterLockedAccounts Se ha intentado autenticar al usuario bloqueado [root]
03-Apr-2023 13:42:09.497 WARNING [http-nio-8080-exec-32] org.apache.catalina.realm.LockOutRealm.filterLockedAccounts Se ha intentado autenticar al usuario bloqueado [root]
03-Apr-2023 13:42:09.501 WARNING [http-nio-8080-exec-15] org.apache.catalina.realm.LockOutRealm.filterLockedAccounts Se ha intentado autenticar al usuario bloqueado [root]
03-Apr-2023 13:42:09.508 WARNING [http-nio-8080-exec-31] org.apache.catalina.realm.LockOutRealm.filterLockedAccounts Se ha intentado autenticar al usuario bloqueado [root]
03-Apr-2023 13:42:10.016 INFO [http-nio-8080-exec-26] org.apache.catalina.startup.HostConfig.undeploy Repliegue (undeploy) de la aplicación web que tiene como trayectoria de contexto [/WebProyect]
03-Apr-2023 13:42:10.027 WARNING [http-nio-8080-exec-31] org.apache.catalina.realm.LockOutRealm.filterLockedAccounts Se ha intentado autenticar al usuario bloqueado [root]
03-Apr-2023 13:42:10.031 INFO [http-nio-8080-exec-28] org.apache.catalina.startup.HostConfig.deployDescriptor Desplieque del descriptor de configuración [C:\Users\newJo\Desktop\web2023\server\conf\Catalina\localhost\WebProyect.xml]
03-Apr-2023 13:42:10.032 WARNING [http-nio-8080-exec-28] org.apache.catalina.startup.HostConfig.deployDescriptor The path attribute with value [/WebProyect] in deployment descriptor [C:\Users\newJo\Desktop\web2023\server\conf\Catalina\localhost\WebProyect.xml] has been ignored
03-Apr-2023 13:42:10.054 INFO [http-nio-8080-exec-28] org.apache.catalina.startup.HostConfig.deployDescriptor Deployment of deployment descriptor [C:\Users\newJo\Desktop\web2023\server\conf\Catalina\localhost\WebProyect.xml] has finished in [23] ms
03-Apr-2023 13:42:10.056 WARNING [http-nio-8080-exec-32] org.apache.catalina.realm.LockOutRealm.filterLockedAccounts Se ha intentado autenticar al usuario bloqueado [root]
03-Apr-2023 13:42:10.058 INFO [http-nio-8080-exec-30] org.apache.catalina.util.LifecycleBase.start The start() method was called on component [StandardEngine[Catalina].StandardHost[localhost].StandardContext[/WebProyect]] after start() had already been called. The second call will be ignored.
03-Apr-2023 13:42:32.920 WARNING [http-nio-8080-exec-22] org.apache.catalina.realm.LockOutRealm.filterLockedAccounts Se ha intentado autenticar al usuario bloqueado [root]
03-Apr-2023 13:42:41.709 WARNING [http-nio-8080-exec-15] org.apache.catalina.realm.LockOutRealm.filterLockedAccounts Se ha intentado autenticar al usuario bloqueado [root]
03-Apr-2023 13:42:49.176 WARNING [http-nio-8080-exec-34] org.apache.catalina.realm.LockOutRealm.filterLockedAccounts Se ha intentado autenticar al usuario bloqueado [root]
03-Apr-2023 13:43:00.767 WARNING [http-nio-8080-exec-38] org.apache.catalina.realm.LockOutRealm.filterLockedAccounts Se ha intentado autenticar al usuario bloqueado [root]
03-Apr-2023 13:43:09.851 WARNING [http-nio-8080-exec-40] org.apache.catalina.realm.LockOutRealm.filterLockedAccounts Se ha intentado autenticar al usuario bloqueado [root]
03-Apr-2023 13:43:11.706 WARNING [http-nio-8080-exec-38] org.apache.catalina.realm.LockOutRealm.filterLockedAccounts Se ha intentado autenticar al usuario bloqueado [root]
03-Apr-2023 13:43:12.594 WARNING [http-nio-8080-exec-38] org.apache.catalina.realm.LockOutRealm.filterLockedAccounts Se ha intentado autenticar al usuario bloqueado [root]
03-Apr-2023 13:43:12.598 WARNING [http-nio-8080-exec-40] org.apache.catalina.realm.LockOutRealm.filterLockedAccounts Se ha intentado autenticar al usuario bloqueado [root]
03-Apr-2023 13:43:12.605 WARNING [http-nio-8080-exec-42] org.apache.catalina.realm.LockOutRealm.filterLockedAccounts Se ha intentado autenticar al usuario bloqueado [root]
03-Apr-2023 13:43:13.121 INFO [http-nio-8080-exec-35] org.apache.catalina.startup.HostConfig.undeploy Repliegue (undeploy) de la aplicación web que tiene como trayectoria de contexto [/WebProyect]
03-Apr-2023 13:43:13.132 WARNING [http-nio-8080-exec-40] org.apache.catalina.realm.LockOutRealm.filterLockedAccounts Se ha intentado autenticar al usuario bloqueado [root]
03-Apr-2023 13:43:13.134 INFO [http-nio-8080-exec-37] org.apache.catalina.startup.HostConfig.deployDescriptor Desplieque del descriptor de configuración [C:\Users\newJo\Desktop\web2023\server\conf\Catalina\localhost\WebProyect.xml]
03-Apr-2023 13:43:13.135 WARNING [http-nio-8080-exec-37] org.apache.catalina.startup.HostConfig.deployDescriptor The path attribute with value [/WebProyect] in deployment descriptor [C:\Users\newJo\Desktop\web2023\server\conf\Catalina\localhost\WebProyect.xml] has been ignored
03-Apr-2023 13:43:13.157 INFO [http-nio-8080-exec-37] org.apache.catalina.startup.HostConfig.deployDescriptor Deployment of deployment descriptor [C:\Users\newJo\Desktop\web2023\server\conf\Catalina\localhost\WebProyect.xml] has finished in [23] ms
03-Apr-2023 13:43:13.159 WARNING [http-nio-8080-exec-41] org.apache.catalina.realm.LockOutRealm.filterLockedAccounts Se ha intentado autenticar al usuario bloqueado [root]
03-Apr-2023 13:43:13.160 INFO [http-nio-8080-exec-42] org.apache.catalina.util.LifecycleBase.start The start() method was called on component [StandardEngine[Catalina].StandardHost[localhost].StandardContext[/WebProyect]] after start() had already been called. The second call will be ignored.
03-Apr-2023 13:43:21.757 WARNING [http-nio-8080-exec-46] org.apache.catalina.realm.LockOutRealm.filterLockedAccounts Se ha intentado autenticar al usuario bloqueado [root]
03-Apr-2023 13:43:22.425 WARNING [http-nio-8080-exec-46] org.apache.catalina.realm.LockOutRealm.filterLockedAccounts Se ha intentado autenticar al usuario bloqueado [root]
03-Apr-2023 13:43:22.429 WARNING [http-nio-8080-exec-40] org.apache.catalina.realm.LockOutRealm.filterLockedAccounts Se ha intentado autenticar al usuario bloqueado [root]
03-Apr-2023 13:43:22.435 WARNING [http-nio-8080-exec-36] org.apache.catalina.realm.LockOutRealm.filterLockedAccounts Se ha intentado autenticar al usuario bloqueado [root]
03-Apr-2023 13:43:22.956 INFO [http-nio-8080-exec-46] org.apache.catalina.startup.HostConfig.undeploy Repliegue (undeploy) de la aplicación web que tiene como trayectoria de contexto [/WebProyect]
03-Apr-2023 13:43:22.967 WARNING [http-nio-8080-exec-39] org.apache.catalina.realm.LockOutRealm.filterLockedAccounts Se ha intentado autenticar al usuario bloqueado [root]
03-Apr-2023 13:43:22.970 INFO [http-nio-8080-exec-34] org.apache.catalina.startup.HostConfig.deployDescriptor Desplieque del descriptor de configuración [C:\Users\newJo\Desktop\web2023\server\conf\Catalina\localhost\WebProyect.xml]
03-Apr-2023 13:43:22.970 WARNING [http-nio-8080-exec-34] org.apache.catalina.startup.HostConfig.deployDescriptor The path attribute with value [/WebProyect] in deployment descriptor [C:\Users\newJo\Desktop\web2023\server\conf\Catalina\localhost\WebProyect.xml] has been ignored
03-Apr-2023 13:43:22.993 INFO [http-nio-8080-exec-34] org.apache.catalina.startup.HostConfig.deployDescriptor Deployment of deployment descriptor [C:\Users\newJo\Desktop\web2023\server\conf\Catalina\localhost\WebProyect.xml] has finished in [24] ms
03-Apr-2023 13:43:22.995 WARNING [http-nio-8080-exec-44] org.apache.catalina.realm.LockOutRealm.filterLockedAccounts Se ha intentado autenticar al usuario bloqueado [root]
03-Apr-2023 13:43:22.997 INFO [http-nio-8080-exec-42] org.apache.catalina.util.LifecycleBase.start The start() method was called on component [StandardEngine[Catalina].StandardHost[localhost].StandardContext[/WebProyect]] after start() had already been called. The second call will be ignored.
03-Apr-2023 13:43:29.669 WARNING [http-nio-8080-exec-45] org.apache.catalina.realm.LockOutRealm.filterLockedAccounts Se ha intentado autenticar al usuario bloqueado [root]
03-Apr-2023 13:43:30.637 WARNING [http-nio-8080-exec-43] org.apache.catalina.realm.LockOutRealm.filterLockedAccounts Se ha intentado autenticar al usuario bloqueado [root]
03-Apr-2023 13:43:30.640 WARNING [http-nio-8080-exec-47] org.apache.catalina.realm.LockOutRealm.filterLockedAccounts Se ha intentado autenticar al usuario bloqueado [root]
03-Apr-2023 13:43:30.645 WARNING [http-nio-8080-exec-49] org.apache.catalina.realm.LockOutRealm.filterLockedAccounts Se ha intentado autenticar al usuario bloqueado [root]
03-Apr-2023 13:43:31.161 INFO [http-nio-8080-exec-42] org.apache.catalina.startup.HostConfig.undeploy Repliegue (undeploy) de la aplicación web que tiene como trayectoria de contexto [/WebProyect]
03-Apr-2023 13:43:31.171 WARNING [http-nio-8080-exec-49] org.apache.catalina.realm.LockOutRealm.filterLockedAccounts Se ha intentado autenticar al usuario bloqueado [root]
03-Apr-2023 13:43:31.174 INFO [http-nio-8080-exec-47] org.apache.catalina.startup.HostConfig.deployDescriptor Desplieque del descriptor de configuración [C:\Users\newJo\Desktop\web2023\server\conf\Catalina\localhost\WebProyect.xml]
03-Apr-2023 13:43:31.175 WARNING [http-nio-8080-exec-47] org.apache.catalina.startup.HostConfig.deployDescriptor The path attribute with value [/WebProyect] in deployment descriptor [C:\Users\newJo\Desktop\web2023\server\conf\Catalina\localhost\WebProyect.xml] has been ignored
03-Apr-2023 13:43:31.198 INFO [http-nio-8080-exec-47] org.apache.catalina.startup.HostConfig.deployDescriptor Deployment of deployment descriptor [C:\Users\newJo\Desktop\web2023\server\conf\Catalina\localhost\WebProyect.xml] has finished in [23] ms
03-Apr-2023 13:43:31.199 WARNING [http-nio-8080-exec-48] org.apache.catalina.realm.LockOutRealm.filterLockedAccounts Se ha intentado autenticar al usuario bloqueado [root]
03-Apr-2023 13:43:31.201 INFO [http-nio-8080-exec-40] org.apache.catalina.util.LifecycleBase.start The start() method was called on component [StandardEngine[Catalina].StandardHost[localhost].StandardContext[/WebProyect]] after start() had already been called. The second call will be ignored.
03-Apr-2023 13:43:39.798 WARNING [http-nio-8080-exec-45] org.apache.catalina.realm.LockOutRealm.filterLockedAccounts Se ha intentado autenticar al usuario bloqueado [root]
03-Apr-2023 13:43:40.648 WARNING [http-nio-8080-exec-43] org.apache.catalina.realm.LockOutRealm.filterLockedAccounts Se ha intentado autenticar al usuario bloqueado [root]
03-Apr-2023 13:43:40.652 WARNING [http-nio-8080-exec-50] org.apache.catalina.realm.LockOutRealm.filterLockedAccounts Se ha intentado autenticar al usuario bloqueado [root]
03-Apr-2023 13:43:40.657 WARNING [http-nio-8080-exec-51] org.apache.catalina.realm.LockOutRealm.filterLockedAccounts Se ha intentado autenticar al usuario bloqueado [root]
03-Apr-2023 13:43:41.167 INFO [http-nio-8080-exec-40] org.apache.catalina.startup.HostConfig.undeploy Repliegue (undeploy) de la aplicación web que tiene como trayectoria de contexto [/WebProyect]
03-Apr-2023 13:43:41.177 WARNING [http-nio-8080-exec-39] org.apache.catalina.realm.LockOutRealm.filterLockedAccounts Se ha intentado autenticar al usuario bloqueado [root]
03-Apr-2023 13:43:41.180 INFO [http-nio-8080-exec-51] org.apache.catalina.startup.HostConfig.deployDescriptor Desplieque del descriptor de configuración [C:\Users\newJo\Desktop\web2023\server\conf\Catalina\localhost\WebProyect.xml]
03-Apr-2023 13:43:41.181 WARNING [http-nio-8080-exec-51] org.apache.catalina.startup.HostConfig.deployDescriptor The path attribute with value [/WebProyect] in deployment descriptor [C:\Users\newJo\Desktop\web2023\server\conf\Catalina\localhost\WebProyect.xml] has been ignored
03-Apr-2023 13:43:41.203 INFO [http-nio-8080-exec-51] org.apache.catalina.startup.HostConfig.deployDescriptor Deployment of deployment descriptor [C:\Users\newJo\Desktop\web2023\server\conf\Catalina\localhost\WebProyect.xml] has finished in [23] ms
03-Apr-2023 13:43:41.205 WARNING [http-nio-8080-exec-45] org.apache.catalina.realm.LockOutRealm.filterLockedAccounts Se ha intentado autenticar al usuario bloqueado [root]
03-Apr-2023 13:43:41.206 INFO [http-nio-8080-exec-50] org.apache.catalina.util.LifecycleBase.start The start() method was called on component [StandardEngine[Catalina].StandardHost[localhost].StandardContext[/WebProyect]] after start() had already been called. The second call will be ignored.
03-Apr-2023 13:44:19.677 WARNING [http-nio-8080-exec-43] org.apache.catalina.realm.LockOutRealm.filterLockedAccounts Se ha intentado autenticar al usuario bloqueado [root]
03-Apr-2023 13:44:20.695 WARNING [http-nio-8080-exec-36] org.apache.catalina.realm.LockOutRealm.filterLockedAccounts Se ha intentado autenticar al usuario bloqueado [root]
03-Apr-2023 13:44:20.697 WARNING [http-nio-8080-exec-51] org.apache.catalina.realm.LockOutRealm.filterLockedAccounts Se ha intentado autenticar al usuario bloqueado [root]
03-Apr-2023 13:44:20.703 WARNING [http-nio-8080-exec-55] org.apache.catalina.realm.LockOutRealm.filterLockedAccounts Se ha intentado autenticar al usuario bloqueado [root]
03-Apr-2023 13:44:21.216 INFO [http-nio-8080-exec-57] org.apache.catalina.startup.HostConfig.undeploy Repliegue (undeploy) de la aplicación web que tiene como trayectoria de contexto [/WebProyect]
03-Apr-2023 13:44:21.227 WARNING [http-nio-8080-exec-53] org.apache.catalina.realm.LockOutRealm.filterLockedAccounts Se ha intentado autenticar al usuario bloqueado [root]
03-Apr-2023 13:44:21.229 INFO [http-nio-8080-exec-51] org.apache.catalina.startup.HostConfig.deployDescriptor Desplieque del descriptor de configuración [C:\Users\newJo\Desktop\web2023\server\conf\Catalina\localhost\WebProyect.xml]
03-Apr-2023 13:44:21.230 WARNING [http-nio-8080-exec-51] org.apache.catalina.startup.HostConfig.deployDescriptor The path attribute with value [/WebProyect] in deployment descriptor [C:\Users\newJo\Desktop\web2023\server\conf\Catalina\localhost\WebProyect.xml] has been ignored
03-Apr-2023 13:44:21.252 INFO [http-nio-8080-exec-51] org.apache.catalina.startup.HostConfig.deployDescriptor Deployment of deployment descriptor [C:\Users\newJo\Desktop\web2023\server\conf\Catalina\localhost\WebProyect.xml] has finished in [22] ms
03-Apr-2023 13:44:21.253 WARNING [http-nio-8080-exec-56] org.apache.catalina.realm.LockOutRealm.filterLockedAccounts Se ha intentado autenticar al usuario bloqueado [root]
03-Apr-2023 13:44:21.255 INFO [http-nio-8080-exec-43] org.apache.catalina.util.LifecycleBase.start The start() method was called on component [StandardEngine[Catalina].StandardHost[localhost].StandardContext[/WebProyect]] after start() had already been called. The second call will be ignored.
03-Apr-2023 13:44:49.339 WARNING [http-nio-8080-exec-39] org.apache.catalina.realm.LockOutRealm.filterLockedAccounts Se ha intentado autenticar al usuario bloqueado [root]
03-Apr-2023 13:44:50.341 WARNING [http-nio-8080-exec-62] org.apache.catalina.realm.LockOutRealm.filterLockedAccounts Se ha intentado autenticar al usuario bloqueado [root]
03-Apr-2023 13:44:50.344 WARNING [http-nio-8080-exec-58] org.apache.catalina.realm.LockOutRealm.filterLockedAccounts Se ha intentado autenticar al usuario bloqueado [root]
03-Apr-2023 13:44:50.350 WARNING [http-nio-8080-exec-59] org.apache.catalina.realm.LockOutRealm.filterLockedAccounts Se ha intentado autenticar al usuario bloqueado [root]
03-Apr-2023 13:44:50.868 INFO [http-nio-8080-exec-61] org.apache.catalina.startup.HostConfig.undeploy Repliegue (undeploy) de la aplicación web que tiene como trayectoria de contexto [/WebProyect]
03-Apr-2023 13:44:50.878 WARNING [http-nio-8080-exec-53] org.apache.catalina.realm.LockOutRealm.filterLockedAccounts Se ha intentado autenticar al usuario bloqueado [root]
03-Apr-2023 13:44:50.880 INFO [http-nio-8080-exec-60] org.apache.catalina.startup.HostConfig.deployDescriptor Desplieque del descriptor de configuración [C:\Users\newJo\Desktop\web2023\server\conf\Catalina\localhost\WebProyect.xml]
03-Apr-2023 13:44:50.881 WARNING [http-nio-8080-exec-60] org.apache.catalina.startup.HostConfig.deployDescriptor The path attribute with value [/WebProyect] in deployment descriptor [C:\Users\newJo\Desktop\web2023\server\conf\Catalina\localhost\WebProyect.xml] has been ignored
03-Apr-2023 13:44:50.903 INFO [http-nio-8080-exec-60] org.apache.catalina.startup.HostConfig.deployDescriptor Deployment of deployment descriptor [C:\Users\newJo\Desktop\web2023\server\conf\Catalina\localhost\WebProyect.xml] has finished in [23] ms
03-Apr-2023 13:44:50.905 WARNING [http-nio-8080-exec-54] org.apache.catalina.realm.LockOutRealm.filterLockedAccounts Se ha intentado autenticar al usuario bloqueado [root]
03-Apr-2023 13:44:50.906 INFO [http-nio-8080-exec-59] org.apache.catalina.util.LifecycleBase.start The start() method was called on component [StandardEngine[Catalina].StandardHost[localhost].StandardContext[/WebProyect]] after start() had already been called. The second call will be ignored.
03-Apr-2023 13:45:00.811 WARNING [http-nio-8080-exec-59] org.apache.catalina.realm.LockOutRealm.filterLockedAccounts Se ha intentado autenticar al usuario bloqueado [root]
03-Apr-2023 13:45:01.749 WARNING [http-nio-8080-exec-49] org.apache.catalina.realm.LockOutRealm.filterLockedAccounts Se ha intentado autenticar al usuario bloqueado [root]
03-Apr-2023 13:45:01.752 WARNING [http-nio-8080-exec-58] org.apache.catalina.realm.LockOutRealm.filterLockedAccounts Se ha intentado autenticar al usuario bloqueado [root]
03-Apr-2023 13:45:01.758 WARNING [http-nio-8080-exec-64] org.apache.catalina.realm.LockOutRealm.filterLockedAccounts Se ha intentado autenticar al usuario bloqueado [root]
03-Apr-2023 13:45:02.268 INFO [http-nio-8080-exec-55] org.apache.catalina.startup.HostConfig.undeploy Repliegue (undeploy) de la aplicación web que tiene como trayectoria de contexto [/WebProyect]
03-Apr-2023 13:45:02.278 WARNING [http-nio-8080-exec-53] org.apache.catalina.realm.LockOutRealm.filterLockedAccounts Se ha intentado autenticar al usuario bloqueado [root]
03-Apr-2023 13:45:02.281 INFO [http-nio-8080-exec-58] org.apache.catalina.startup.HostConfig.deployDescriptor Desplieque del descriptor de configuración [C:\Users\newJo\Desktop\web2023\server\conf\Catalina\localhost\WebProyect.xml]
03-Apr-2023 13:45:02.282 WARNING [http-nio-8080-exec-58] org.apache.catalina.startup.HostConfig.deployDescriptor The path attribute with value [/WebProyect] in deployment descriptor [C:\Users\newJo\Desktop\web2023\server\conf\Catalina\localhost\WebProyect.xml] has been ignored
03-Apr-2023 13:45:02.303 INFO [http-nio-8080-exec-58] org.apache.catalina.startup.HostConfig.deployDescriptor Deployment of deployment descriptor [C:\Users\newJo\Desktop\web2023\server\conf\Catalina\localhost\WebProyect.xml] has finished in [21] ms
03-Apr-2023 13:45:02.305 WARNING [http-nio-8080-exec-60] org.apache.catalina.realm.LockOutRealm.filterLockedAccounts Se ha intentado autenticar al usuario bloqueado [root]
03-Apr-2023 13:45:02.306 INFO [http-nio-8080-exec-59] org.apache.catalina.util.LifecycleBase.start The start() method was called on component [StandardEngine[Catalina].StandardHost[localhost].StandardContext[/WebProyect]] after start() had already been called. The second call will be ignored.
03-Apr-2023 13:45:28.818 WARNING [http-nio-8080-exec-63] org.apache.catalina.realm.LockOutRealm.filterLockedAccounts Se ha intentado autenticar al usuario bloqueado [root]
03-Apr-2023 13:45:28.833 WARNING [http-nio-8080-exec-69] org.apache.catalina.realm.LockOutRealm.filterLockedAccounts Se ha intentado autenticar al usuario bloqueado [root]
03-Apr-2023 13:45:28.836 WARNING [http-nio-8080-exec-66] org.apache.catalina.realm.LockOutRealm.filterLockedAccounts Se ha intentado autenticar al usuario bloqueado [root]
03-Apr-2023 13:45:28.844 WARNING [http-nio-8080-exec-64] org.apache.catalina.realm.LockOutRealm.filterLockedAccounts Se ha intentado autenticar al usuario bloqueado [root]
03-Apr-2023 13:45:29.356 INFO [http-nio-8080-exec-69] org.apache.catalina.startup.HostConfig.undeploy Repliegue (undeploy) de la aplicación web que tiene como trayectoria de contexto [/WebProyect]
03-Apr-2023 13:45:29.367 WARNING [http-nio-8080-exec-67] org.apache.catalina.realm.LockOutRealm.filterLockedAccounts Se ha intentado autenticar al usuario bloqueado [root]
03-Apr-2023 13:45:29.369 INFO [http-nio-8080-exec-64] org.apache.catalina.startup.HostConfig.deployDescriptor Desplieque del descriptor de configuración [C:\Users\newJo\Desktop\web2023\server\conf\Catalina\localhost\WebProyect.xml]
03-Apr-2023 13:45:29.370 WARNING [http-nio-8080-exec-64] org.apache.catalina.startup.HostConfig.deployDescriptor The path attribute with value [/WebProyect] in deployment descriptor [C:\Users\newJo\Desktop\web2023\server\conf\Catalina\localhost\WebProyect.xml] has been ignored
03-Apr-2023 13:45:29.394 INFO [http-nio-8080-exec-64] org.apache.catalina.startup.HostConfig.deployDescriptor Deployment of deployment descriptor [C:\Users\newJo\Desktop\web2023\server\conf\Catalina\localhost\WebProyect.xml] has finished in [24] ms
03-Apr-2023 13:45:29.395 WARNING [http-nio-8080-exec-63] org.apache.catalina.realm.LockOutRealm.filterLockedAccounts Se ha intentado autenticar al usuario bloqueado [root]
03-Apr-2023 13:45:29.397 INFO [http-nio-8080-exec-51] org.apache.catalina.util.LifecycleBase.start The start() method was called on component [StandardEngine[Catalina].StandardHost[localhost].StandardContext[/WebProyect]] after start() had already been called. The second call will be ignored.
